Flutter crash report; please file at https://github.com/flutter/flutter/issues.

## command

flutter --quiet assemble --depfile E:\@flutter\appbarvariasi\build\app\intermediates\flutter\debug/flutter_build.d --output E:\@flutter\appbarvariasi\build\app\intermediates\flutter\debug -dTargetFile=E:\@flutter\appbarvariasi\lib\main.dart -dTargetPlatform=android -dBuildMode=debug debug_android_application

## exception

FileSystemException: FileSystemException: Cannot resolve symbolic links, path = 'E:\@flutter\appbarvariasi\build\app\intermediates\flutter\debug' (OS Error: The system cannot find the file specified.
, errno = 2)

```
#0      FileSystemEntity._throwIfError (dart:io/file_system_entity.dart:833:7)
#1      FileSystemEntity.resolveSymbolicLinksSync (dart:io/file_system_entity.dart:397:5)
#2      ForwardingFileSystemEntity.resolveSymbolicLinksSync (package:file/src/forwarding/forwarding_file_system_entity.dart:58:49)
#3      SourceVisitor.visitPattern (package:flutter_tools/src/build_system/source.dart:121:49)
#4      _PatternSource.accept (package:flutter_tools/src/build_system/source.dart:213:49)
#5      Target._resolveConfiguration (package:flutter_tools/src/build_system/build_system.dart:234:14)
#6      Target.resolveOutputs (package:flutter_tools/src/build_system/build_system.dart:192:12)
#7      Target._toNode (package:flutter_tools/src/build_system/build_system.dart:136:39)
#8      BuildSystem.build (package:flutter_tools/src/build_system/build_system.dart:420:30)
#9      AssembleCommand.runCommand (package:flutter_tools/src/commands/assemble.dart:170:50)
#10     FlutterCommand.verifyThenRunCommand (package:flutter_tools/src/runner/flutter_command.dart:615:18)
<asynchronous suspension>
#11     FlutterCommand.run.<anonymous closure> (package:flutter_tools/src/runner/flutter_command.dart:515:33)
<asynchronous suspension>
#12     AppContext.run.<anonymous closure> (package:flutter_tools/src/base/context.dart:146:29)
#13     _rootRun (dart:async/zone.dart:1126:13)
#14     _CustomZone.run (dart:async/zone.dart:1023:19)
#15     _runZoned (dart:async/zone.dart:1518:10)
#16     runZoned (dart:async/zone.dart:1465:12)
#17     AppContext.run (package:flutter_tools/src/base/context.dart:145:18)
#18     FlutterCommand.run (package:flutter_tools/src/runner/flutter_command.dart:505:20)
#19     CommandRunner.runCommand (package:args/command_runner.dart:197:27)
#20     FlutterCommandRunner.runCommand.<anonymous closure> (package:flutter_tools/src/runner/flutter_command_runner.dart:413:21)
<asynchronous suspension>
#21     AppContext.run.<anonymous closure> (package:flutter_tools/src/base/context.dart:146:29)
#22     _rootRun (dart:async/zone.dart:1126:13)
#23     _CustomZone.run (dart:async/zone.dart:1023:19)
#24     _runZoned (dart:async/zone.dart:1518:10)
#25     runZoned (dart:async/zone.dart:1465:12)
#26     AppContext.run (package:flutter_tools/src/base/context.dart:145:18)
#27     FlutterCommandRunner.runCommand (package:flutter_tools/src/runner/flutter_command_runner.dart:364:19)
#28     CommandRunner.run.<anonymous closure> (package:args/command_runner.dart:112:25)
#29     new Future.sync (dart:async/future.dart:224:31)
#30     CommandRunner.run (package:args/command_runner.dart:112:14)
#31     FlutterCommandRunner.run (package:flutter_tools/src/runner/flutter_command_runner.dart:250:18)
#32     run.<anonymous closure>.<anonymous closure> (package:flutter_tools/runner.dart:63:22)
#33     _rootRun (dart:async/zone.dart:1126:13)
#34     _CustomZone.run (dart:async/zone.dart:1023:19)
#35     _runZoned (dart:async/zone.dart:1518:10)
#36     runZoned (dart:async/zone.dart:1502:12)
#37     run.<anonymous closure> (package:flutter_tools/runner.dart:61:18)
<asynchronous suspension>
#38     AppContext.run.<anonymous closure> (package:flutter_tools/src/base/context.dart:146:29)
#39     _rootRun (dart:async/zone.dart:1126:13)
#40     _CustomZone.run (dart:async/zone.dart:1023:19)
#41     _runZoned (dart:async/zone.dart:1518:10)
#42     runZoned (dart:async/zone.dart:1465:12)
#43     AppContext.run (package:flutter_tools/src/base/context.dart:145:18)
#44     runInContext (package:flutter_tools/src/context_runner.dart:64:24)
#45     run (package:flutter_tools/runner.dart:50:10)
#46     main (package:flutter_tools/executable.dart:65:9)
#47     main (file:///C:/Users/KIKIBAHRUL/Downloads/flutter/packages/flutter_tools/bin/flutter_tools.dart:8:3)
#48     _startIsolate.<anonymous closure> (dart:isolate-patch/isolate_patch.dart:305:32)
#49     _RawReceivePortImpl._handleMessage (dart:isolate-patch/isolate_patch.dart:174:12)
```

## flutter doctor

```
[✓] Flutter (Channel stable, v1.12.13+hotfix.9, on Microsoft Windows [Version 10.0.18362.720], locale en-US)
    • Flutter version 1.12.13+hotfix.9 at C:\Users\KIKIBAHRUL\Downloads\flutter
    • Framework revision f139b11009 (13 days ago), 2020-03-30 13:57:30 -0700
    • Engine revision af51afceb8
    • Dart version 2.7.2

[!] Android toolchain - develop for Android devices (Android SDK version 28.0.3)
    • Android SDK at C:\Users\KIKIBAHRUL\AppData\Local\Android\sdk
    • Android NDK location not configured (optional; useful for native profiling support)
    • Platform android-28, build-tools 28.0.3
    • Java binary at: C:\Program Files\Android\Android Studio\jre\bin\java
    • Java version OpenJDK Runtime Environment (build 1.8.0_212-release-1586-b04)
    ! Some Android licenses not accepted.  To resolve this, run: flutter doctor --android-licenses

[!] Android Studio (version 3.6)
    • Android Studio at C:\Program Files\Android\Android Studio
    ✗ Flutter plugin not installed; this adds Flutter specific functionality.
    ✗ Dart plugin not installed; this adds Dart specific functionality.
    • Java version OpenJDK Runtime Environment (build 1.8.0_212-release-1586-b04)

[✓] VS Code, 64-bit edition (version 1.42.1)
    • VS Code at C:\Program Files\Microsoft VS Code
    • Flutter extension version 3.8.1

[✓] Connected device (1 available)
    • Android SDK built for x86 • emulator-5554 • android-x86 • Android 5.1.1 (API 22) (emulator)

! Doctor found issues in 2 categories.
```
